PullToRefreshlibrary/build/outputs/logs/manifest-merger-debug-report.txt
-- Merging decision tree log ---
manifest
ADDED from RecyclerViewMultiLayout_copy\PullToRefreshlibrary\AndroidManifest.xml:2:1-12:12
INJECTED from RecyclerViewMultiLayout_copy\PullToRefreshlibrary\AndroidManifest.xml:2:1-12:12
INJECTED from RecyclerViewMultiLayout_copy\PullToRefreshlibrary\AndroidManifest.xml:2:1-12:12
INJECTED from RecyclerViewMultiLayout_copy\PullToRefreshlibrary\AndroidManifest.xml:2:1-12:12
INJECTED from RecyclerViewMultiLayout_copy\PullToRefreshlibrary\AndroidManifest.xml:2:1-12:12
INJECTED from RecyclerViewMultiLayout_copy\PullToRefreshlibrary\AndroidManifest.xml:2:1-12:12
INJECTED from RecyclerViewMultiLayout_copy\PullToRefreshlibrary\AndroidManifest.xml:2:1-12:12
	package
		ADDED from RecyclerViewMultiLayout_copy\PullToRefreshlibrary\AndroidManifest.xml:3:5-49
		INJECTED from RecyclerViewMultiLayout_copy\PullToRefreshlibrary\AndroidManifest.xml
		INJECTED from RecyclerViewMultiLayout_copy\PullToRefreshlibrary\AndroidManifest.xml
	android:versionName
		ADDED from RecyclerViewMultiLayout_copy\PullToRefreshlibrary\AndroidManifest.xml:6:5-32
		INJECTED from RecyclerViewMultiLayout_copy\PullToRefreshlibrary\AndroidManifest.xml
		INJECTED from RecyclerViewMultiLayout_copy\PullToRefreshlibrary\AndroidManifest.xml
	xmlns:android
		ADDED from RecyclerViewMultiLayout_copy\PullToRefreshlibrary\AndroidManifest.xml:2:11-69
	android:versionCode
		ADDED from RecyclerViewMultiLayout_copy\PullToRefreshlibrary\AndroidManifest.xml:5:5-31
		INJECTED from RecyclerViewMultiLayout_copy\PullToRefreshlibrary\AndroidManifest.xml
		INJECTED from RecyclerViewMultiLayout_copy\PullToRefreshlibrary\AndroidManifest.xml
	android:allowBackup
		ADDED from RecyclerViewMultiLayout_copy\PullToRefreshlibrary\AndroidManifest.xml:4:5-32
uses-sdk
ADDED from RecyclerViewMultiLayout_copy\PullToRefreshlibrary\AndroidManifest.xml:8:5-43
INJECTED from RecyclerViewMultiLayout_copy\PullToRefreshlibrary\AndroidManifest.xml:8:5-43
INJECTED from RecyclerViewMultiLayout_copy\PullToRefreshlibrary\AndroidManifest.xml:8:5-43
INJECTED from RecyclerViewMultiLayout_copy\PullToRefreshlibrary\AndroidManifest.xml:8:5-43
INJECTED from RecyclerViewMultiLayout_copy\PullToRefreshlibrary\AndroidManifest.xml:8:5-43
	android:targetSdkVersion
		INJECTED from RecyclerViewMultiLayout_copy\PullToRefreshlibrary\AndroidManifest.xml
		ADDED from RecyclerViewMultiLayout_copy\PullToRefreshlibrary\AndroidManifest.xml:8:5-43
		INJECTED from RecyclerViewMultiLayout_copy\PullToRefreshlibrary\AndroidManifest.xml
	android:minSdkVersion
		ADDED from RecyclerViewMultiLayout_copy\PullToRefreshlibrary\AndroidManifest.xml:8:15-40
		INJECTED from RecyclerViewMultiLayout_copy\PullToRefreshlibrary\AndroidManifest.xml
		INJECTED from RecyclerViewMultiLayout_copy\PullToRefreshlibrary\AndroidManifest.xml
application
ADDED from RecyclerViewMultiLayout_copy\PullToRefreshlibrary\AndroidManifest.xml:10:5-20